#
# There is insufficient memory for the Java Runtime Environment to continue.
# Native memory allocation (mmap) failed to map 264241152 bytes for Failed to commit area from 0x00000006c5e00000 to 0x00000006d5a00000 of length 264241152.
# Possible reasons:
#   The system is out of physical RAM or swap space
#   The process is running with CompressedOops enabled, and the Java Heap may be blocking the growth of the native heap
# Possible solutions:
#   Reduce memory load on the system
#   Increase physical memory or swap space
#   Check if swap backing store is full
#   Decrease Java heap size (-Xmx/-Xms)
#   Decrease number of Java threads
#   Decrease Java thread stack sizes (-Xss)
#   Set larger code cache with -XX:ReservedCodeCacheSize=
# This output file may be truncated or incomplete.
#
#  Out of Memory Error (t:/workspace/hotspot/src/os/windows/vm/os_windows.cpp:3357), pid=17716, tid=17688
#
# JRE version:  (9.0+11) (build )
# Java VM: Java HotSpot(TM) 64-Bit Server VM (9.0.1+11, mixed mode, tiered, compressed oops, g1 gc, windows-amd64)
# No core dump will be written. Minidumps are not enabled by default on client versions of Windows
#

---------------  S U M M A R Y ------------

Command Line: -javaagent:C:\Program Files\JetBrains\IntelliJ IDEA Community Edition 2019.1.3\lib\idea_rt.jar=62682:C:\Program Files\JetBrains\IntelliJ IDEA Community Edition 2019.1.3\bin -Dfile.encoding=UTF-8 Main

Host: Intel(R) Core(TM) i7-8550U CPU @ 1.80GHz, 8 cores, 15G,  Windows 10 , 64 bit Build 17763 (10.0.17763.475)
Time: Mon Feb 17 20:11:50 2020 RTZ 2 (ceia) elapsed time: 0 seconds (0d 0h 0m 0s)

---------------  T H R E A D  ---------------

Current thread (0x000002c914c89000):  JavaThread "Unknown thread" [_thread_in_vm, id=17688, stack(0x000000d928f00000,0x000000d929000000)]

Stack: [0x000000d928f00000,0x000000d929000000]
Native frames: (J=compiled Java code, j=interpreted, Vv=VM code, C=native code)
V  [jvm.dll+0x5870b8]
V  [jvm.dll+0x69c0ee]
V  [jvm.dll+0x69d00a]
V  [jvm.dll+0x69d643]
V  [jvm.dll+0x21d148]
V  [jvm.dll+0x584bf4]
V  [jvm.dll+0x57a005]
V  [jvm.dll+0x2cd46b]
V  [jvm.dll+0x2cd3d3]
V  [jvm.dll+0x2cd2a2]
V  [jvm.dll+0x2cf2a3]
V  [jvm.dll+0x319203]
V  [jvm.dll+0x319916]
V  [jvm.dll+0x319303]
V  [jvm.dll+0x2adbf8]
V  [jvm.dll+0x2aee37]
V  [jvm.dll+0x67b1ed]
V  [jvm.dll+0x67c5ac]
V  [jvm.dll+0x3269c9]
V  [jvm.dll+0x6653ee]
V  [jvm.dll+0x391931]
V  [jvm.dll+0x3938e1]
C  [java.exe+0x34f1]
C  [java.exe+0xe24f]
C  [java.exe+0xe3f6]
C  [KERNEL32.DLL+0x17974]
C  [ntdll.dll+0x6a261]


---------------  P R O C E S S  ---------------

Java Threads: ( => current thread )

Other Threads:
  0x000002c914ca0800 GCTaskThread "GC Thread#0" [stack: 0x000000d929000000,0x000000d929100000] [id=9836]
  0x000002c914ca3000 GCTaskThread "GC Thread#1" [stack: 0x000000d929100000,0x000000d929200000] [id=17824]
  0x000002c914ca4800 GCTaskThread "GC Thread#2" [stack: 0x000000d929200000,0x000000d929300000] [id=12076]
  0x000002c914ca8000 GCTaskThread "GC Thread#3" [stack: 0x000000d929300000,0x000000d929400000] [id=14496]
  0x000002c914caa800 GCTaskThread "GC Thread#4" [stack: 0x000000d929400000,0x000000d929500000] [id=16520]
  0x000002c914caf000 GCTaskThread "GC Thread#5" [stack: 0x000000d929500000,0x000000d929600000] [id=18308]
  0x000002c914cb5800 GCTaskThread "GC Thread#6" [stack: 0x000000d929600000,0x000000d929700000] [id=2112]
  0x000002c914cb7000 GCTaskThread "GC Thread#7" [stack: 0x000000d929700000,0x000000d929800000] [id=10628]
  0x000002c914d25000 ConcurrentGCThread "G1 Main Marker" [stack: 0x000000d92a100000,0x000000d92a200000] [id=13004]
  0x000002c914d27000 ConcurrentGCThread "G1 Marker#0" [stack: 0x000000d92a200000,0x000000d92a300000] [id=17800]
  0x000002c914d27800 ConcurrentGCThread "G1 Marker#1" [stack: 0x000000d92a300000,0x000000d92a400000] [id=9224]
  0x000002c914cd5800 ConcurrentGCThread "G1 Refine#0" [stack: 0x000000d929f00000,0x000000d92a000000] [id=16768]
  0x000002c914cd2800 ConcurrentGCThread "G1 Refine#1" [stack: 0x000000d929e00000,0x000000d929f00000] [id=10492]
  0x000002c914cd1800 ConcurrentGCThread "G1 Refine#2" [stack: 0x000000d929d00000,0x000000d929e00000] [id=8948]
  0x000002c914cd0800 ConcurrentGCThread "G1 Refine#3" [stack: 0x000000d929c00000,0x000000d929d00000] [id=17612]
  0x000002c914ccf800 ConcurrentGCThread "G1 Refine#4" [stack: 0x000000d929b00000,0x000000d929c00000] [id=1712]
  0x000002c914cc4800 ConcurrentGCThread "G1 Refine#5" [stack: 0x000000d929a00000,0x000000d929b00000] [id=17768]
  0x000002c914cc3800 ConcurrentGCThread "G1 Refine#6" [stack: 0x000000d929900000,0x000000d929a00000] [id=13836]
  0x000002c914cc1800 ConcurrentGCThread "G1 Refine#7" [stack: 0x000000d929800000,0x000000d929900000] [id=14636]
  0x000002c914cd7800 ConcurrentGCThread "G1 Young RemSet Sampling" [stack: 0x000000d92a000000,0x000000d92a100000] [id=17164]

=>0x000002c914c89000 (exited) JavaThread "Unknown thread" [_thread_in_vm, id=17688, stack(0x000000d928f00000,0x000000d929000000)]

Threads with active compile tasks:

VM state:not at safepoint (not fully initialized)

VM Mutex/Monitor currently owned by a thread:  ([mutex/lock_event])
[0x000002c914c86fb0] Heap_lock - owner thread: 0x000002c914c89000

Heap address: 0x00000006c5e00000, size: 4002 MB, Compressed Oops mode: Non-zero based: 0x00000006c5e00000
Narrow klass base: 0x0000000000000000, Narrow klass shift: 0

GC Heap History (0 events):
No events

Deoptimization events (0 events):
No events

Classes redefined (0 events):
No events

Internal exceptions (0 events):
No events

Events (0 events):
No events


Dynamic libraries:
0x00007ff62cbe0000 - 0x00007ff62cc1e000 	C:\Program Files\Java\jdk-9.0.1\bin\java.exe
0x00007ffae03d0000 - 0x00007ffae05bd000 	C:\WINDOWS\SYSTEM32\ntdll.dll
0x00007ffadd940000 - 0x00007ffadd9f3000 	C:\WINDOWS\System32\KERNEL32.DLL
0x00007ffadd1e0000 - 0x00007ffadd473000 	C:\WINDOWS\System32\KERNELBASE.dll
0x00007ffadffd0000 - 0x00007ffae0073000 	C:\WINDOWS\System32\ADVAPI32.dll
0x00007ffadf940000 - 0x00007ffadf9de000 	C:\WINDOWS\System32\msvcrt.dll
0x00007ffadff30000 - 0x00007ffadffce000 	C:\WINDOWS\System32\sechost.dll
0x00007ffadfb10000 - 0x00007ffadfc32000 	C:\WINDOWS\System32\RPCRT4.dll
0x00007ffadf7a0000 - 0x00007ffadf937000 	C:\WINDOWS\System32\USER32.dll
0x00007ffadd010000 - 0x00007ffadd030000 	C:\WINDOWS\System32\win32u.dll
0x00007ffadff00000 - 0x00007ffadff29000 	C:\WINDOWS\System32\GDI32.dll
0x00007ffadc4f0000 - 0x00007ffadc689000 	C:\WINDOWS\System32\gdi32full.dll
0x00007ffadd500000 - 0x00007ffadd5a0000 	C:\WINDOWS\System32\msvcp_win.dll
0x00007ffadd0e0000 - 0x00007ffadd1da000 	C:\WINDOWS\System32\ucrtbase.dll
0x00007ffac8df0000 - 0x00007ffac9069000 	C:\WINDOWS\WinSxS\amd64_microsoft.windows.common-controls_6595b64144ccf1df_6.0.17763.1039_none_de701650534c7021\COMCTL32.dll
0x00007ffaddf70000 - 0x00007ffade29c000 	C:\WINDOWS\System32\combase.dll
0x00007ffadd480000 - 0x00007ffadd4fe000 	C:\WINDOWS\System32\bcryptPrimitives.dll
0x00007ffad2550000 - 0x00007ffad255a000 	C:\WINDOWS\SYSTEM32\VERSION.dll
0x00007ffae0080000 - 0x00007ffae00ae000 	C:\WINDOWS\System32\IMM32.DLL
0x00007ffab2790000 - 0x00007ffab287f000 	C:\Program Files\Java\jdk-9.0.1\bin\msvcr120.dll
0x00007ffaaf480000 - 0x00007ffaaf526000 	C:\Program Files\Java\jdk-9.0.1\bin\msvcp120.dll
0x0000000069fc0000 - 0x000000006a9e4000 	C:\Program Files\Java\jdk-9.0.1\bin\server\jvm.dll
0x00007ffadd5c0000 - 0x00007ffadd5c8000 	C:\WINDOWS\System32\PSAPI.DLL
0x00007ffabe6d0000 - 0x00007ffabe6d9000 	C:\WINDOWS\SYSTEM32\WSOCK32.dll
0x00007ffadfc40000 - 0x00007ffadfcad000 	C:\WINDOWS\System32\WS2_32.dll
0x00007ffad21a0000 - 0x00007ffad21c4000 	C:\WINDOWS\SYSTEM32\WINMM.dll
0x00007ffad2170000 - 0x00007ffad219d000 	C:\WINDOWS\SYSTEM32\WINMMBASE.dll
0x00007ffadc690000 - 0x00007ffadc6da000 	C:\WINDOWS\System32\cfgmgr32.dll
0x00007ffad6890000 - 0x00007ffad689f000 	C:\Program Files\Java\jdk-9.0.1\bin\verify.dll
0x00007ffad0ad0000 - 0x00007ffad0af7000 	C:\Program Files\Java\jdk-9.0.1\bin\java.dll
0x00007ffad1b50000 - 0x00007ffad1b7a000 	C:\Program Files\Java\jdk-9.0.1\bin\instrument.dll
0x00007ffad3a50000 - 0x00007ffad3a66000 	C:\Program Files\Java\jdk-9.0.1\bin\zip.dll
0x00007ffad5370000 - 0x00007ffad537a000 	C:\Program Files\Java\jdk-9.0.1\bin\jimage.dll
0x00007ffadad00000 - 0x00007ffadaeed000 	C:\WINDOWS\SYSTEM32\dbghelp.dll

VM Arguments:
jvm_args: -javaagent:C:\Program Files\JetBrains\IntelliJ IDEA Community Edition 2019.1.3\lib\idea_rt.jar=62682:C:\Program Files\JetBrains\IntelliJ IDEA Community Edition 2019.1.3\bin -Dfile.encoding=UTF-8 
java_command: Main
java_class_path (initial): C:\ProjectJava\Web3\web3\target\classes;C:\Users\tab65\.m2\repository\mysql\mysql-connector-java\5.1.35\mysql-connector-java-5.1.35.jar;C:\Users\tab65\.m2\repository\org\freemarker\freemarker\2.3.20\freemarker-2.3.20.jar;C:\Users\tab65\.m2\repository\org\eclipse\jetty\jetty-server\9.3.0.M0\jetty-server-9.3.0.M0.jar;C:\Users\tab65\.m2\repository\javax\servlet\javax.servlet-api\3.1.0\javax.servlet-api-3.1.0.jar;C:\Users\tab65\.m2\repository\org\eclipse\jetty\jetty-http\9.3.0.M0\jetty-http-9.3.0.M0.jar;C:\Users\tab65\.m2\repository\org\eclipse\jetty\jetty-util\9.3.0.M0\jetty-util-9.3.0.M0.jar;C:\Users\tab65\.m2\repository\org\eclipse\jetty\jetty-io\9.3.0.M0\jetty-io-9.3.0.M0.jar;C:\Users\tab65\.m2\repository\org\eclipse\jetty\jetty-webapp\9.3.0.M0\jetty-webapp-9.3.0.M0.jar;C:\Users\tab65\.m2\repository\org\eclipse\jetty\jetty-xml\9.3.0.M0\jetty-xml-9.3.0.M0.jar;C:\Users\tab65\.m2\repository\org\eclipse\jetty\jetty-servlet\9.3.0.M0\jetty-servlet-9.3.0.M0.jar;C:\Users\tab65\.m2\repository\org\eclipse\jetty\jetty-security\9.3.0.M0\jetty-security-9.3.0.M0.jar;C:\Users\tab65\.m2\repository\com\google\code\gson\gson\2.3.1\gson-2.3.1.jar
Launcher Type: SUN_STANDARD

Logging:
Log output configuration:
#0: stdout all=warning uptime,level,tags
#1: stderr all=off uptime,level,tags

Environment Variables:
JAVA_HOME=c:\Program Files\Java\jdk-9.0.1
CLASSPATH=c:\Program Files\Java\jdk-9.0.1
PATH=C:\ProgramData\Oracle\Java\javapath;c:\program files (x86)\imagemagick-6.3.3-q16;C:\Program Files (x86)\Business Objects\BusinessObjects Enterprise 12.0\win32_x86\;C:\Program Files (x86)\Nice Systems\NICE Player Codec Pack\;C:\Windows\system32;C:\Windows;C:\Windows\System32\Wbem;C:\Windows\System32\WindowsPowerShell\v1.0\;C:\Program Files (x86)\NICE Systems\Process Optimization\Bin\;C:\Program Files (x86)\IBM\Informix\Client-SDK\bin;C:\Program Files (x86)\ibm\gsk7\bin;C:\Program Files (x86)\ibm\gsk7\lib;C:\WINDOWS\system32;C:\WINDOWS;C:\WINDOWS\System32\Wbem;C:\WINDOWS\System32\WindowsPowerShell\v1.0\;C:\WINDOWS\System32\OpenSSH\;C:\Program Files (x86)\Kaspersky Lab\Kaspersky Endpoint Security 10 for Windows SP2\;C:\Program Files (x86)\Microsoft SQL Server\100\Tools\Binn\VSShell\Common7\IDE\;C:\Program Files (x86)\Microsoft SQL Server\100\Tools\Binn\;C:\Program Files\Microsoft SQL Server\100\Tools\Binn\;C:\Program Files (x86)\Microsoft Visual Studio 9.0\Common7\IDE\PrivateAssemblies\;C:\Program Files (x86)\Microsoft SQL Server\100\DTS\Binn\;C:\Program Files\Intel\WiFi\bin\;C:\Program Files\Common Files\Intel\WirelessCommon\;C:\Program Files (x86)\Intel\Intel(R) Management Engine Components\DAL;C:\Program Files\Intel\Intel(R) Management Engine Components\DAL;C:\Program Files\nodejs\;C:\Program Files\Git\cmd;C:\Program Files\Docker\Docker\resources\bin;C:\ProgramData\DockerDesktop\version-bin;C:\Users\tab65\AppData\Local\Microsoft\WindowsApps;C:\Program Files\Microsoft VS Code\bin;c:\Oracle\instantclient_11_2;c:\Oracle\InstantClient_10_2x32;c:\Program Files\Java\jdk1.7.0_80\bin;c:\Program Files\Java\jdk1.7.0_80\lib;c:\Program Files\Java\jdk-9.0.1\bin\;C:\Users\tab65\AppData\Roaming\npm;C:\Program Files\JetBrains\IntelliJ IDEA 2019.3.2\bin;
USERNAME=tab65
OS=Windows_NT
PROCESSOR_IDENTIFIER=Intel64 Family 6 Model 142 Stepping 10, GenuineIntel



---------------  S Y S T E M  ---------------

OS: Windows 10 , 64 bit Build 17763 (10.0.17763.475)

CPU:total 8 (initial active 8) (4 cores per cpu, 2 threads per core) family 6 model 142 stepping 10, cmov, cx8, fxsr, mmx, sse, sse2, sse3, ssse3, sse4.1, sse4.2, popcnt, avx, avx2, aes, clmul, erms, 3dnowpref, lzcnt, ht, tsc, tscinvbit, bmi1, bmi2, adx, fma

Memory: 4k page, physical 16390284k(1894528k free), swap 16390284k(113564k free)

vm_info: Java HotSpot(TM) 64-Bit Server VM (9.0.1+11) for windows-amd64 JRE (9.0.1+11), built on Sep 28 2017 04:54:03 by "mach5one" with MS VC++ 12.0 (VS2013)

END.
